Open5GS daemon v2.7.1

06/26 06:29:42.474: [app] INFO: Configuration: '/etc/open5gs/nrf.yaml' (../lib/app/ogs-init.c:133)
06/26 06:29:42.474: [app] INFO: File Logging: '/var/log/open5gs/nrf.log' (../lib/app/ogs-init.c:136)
06/26 06:29:42.482: [sbi] INFO: nghttp2_server() [https://nrf.localdomain]:443 (../lib/sbi/nghttp2-server.c:409)
06/26 06:29:42.482: [app] INFO: NRF initialize...done (../src/nrf/app.c:31)
06/26 06:29:42.578: [nrf] INFO: [78f5b4b0-3385-41ef-bb72-cdf9a6b12831] NF registered [Heartbeat:10s] (../src/nrf/nf-sm.c:192)
06/26 06:29:42.584: [nrf] INFO: [78f73a74-3385-41ef-8503-5d2772aff7d3] NF registered [Heartbeat:10s] (../src/nrf/nf-sm.c:192)
06/26 06:29:42.584: [nrf] INFO: [78f77b88-3385-41ef-92d9-43d6dbefe423] NF registered [Heartbeat:10s] (../src/nrf/nf-sm.c:192)
06/26 06:29:42.585: [nrf] INFO: [78f8bf20-3385-41ef-bed1-45b7d3e28aae] NF registered [Heartbeat:10s] (../src/nrf/nf-sm.c:192)
06/26 06:29:42.585: [nrf] INFO: [78f73114-3385-41ef-bb8b-45793b885916] NF registered [Heartbeat:10s] (../src/nrf/nf-sm.c:192)
06/26 06:29:42.585: [nrf] INFO: [7905af64-3385-41ef-827f-e5b1481dd427] Subscription created until 2024-06-27T06:29:42.585744+00:00 [validity_duration:86400] (../src/nrf/nnrf-handler.c:446)
06/26 06:29:42.585: [nrf] INFO: [78fb867e-3385-41ef-a721-5f56ec421add] NF registered [Heartbeat:10s] (../src/nrf/nf-sm.c:192)
06/26 06:29:42.586: [nrf] INFO: [7905c0f8-3385-41ef-827f-e5b1481dd427] Subscription created until 2024-06-27T06:29:42.586188+00:00 [validity_duration:86400] (../src/nrf/nnrf-handler.c:446)
06/26 06:29:42.586: [nrf] INFO: [78faabd2-3385-41ef-8bf2-e1d65af71925] NF registered [Heartbeat:10s] (../src/nrf/nf-sm.c:192)
06/26 06:29:42.586: [nrf] INFO: [7905d142-3385-41ef-827f-e5b1481dd427] Subscription created until 2024-06-27T06:29:42.586605+00:00 [validity_duration:86400] (../src/nrf/nnrf-handler.c:446)
06/26 06:29:42.586: [nrf] INFO: [7905d2fa-3385-41ef-827f-e5b1481dd427] Subscription created until 2024-06-27T06:29:42.586652+00:00 [validity_duration:86400] (../src/nrf/nnrf-handler.c:446)
06/26 06:29:42.586: [nrf] INFO: [7905d516-3385-41ef-827f-e5b1481dd427] Subscription created until 2024-06-27T06:29:42.586705+00:00 [validity_duration:86400] (../src/nrf/nnrf-handler.c:446)
06/26 06:29:42.587: [nrf] INFO: [7905e83a-3385-41ef-827f-e5b1481dd427] Subscription created until 2024-06-27T06:29:42.587203+00:00 [validity_duration:86400] (../src/nrf/nnrf-handler.c:446)
06/26 06:29:42.587: [nrf] INFO: [7905ea6a-3385-41ef-827f-e5b1481dd427] Subscription created until 2024-06-27T06:29:42.587249+00:00 [validity_duration:86400] (../src/nrf/nnrf-handler.c:446)
06/26 06:29:42.587: [nrf] INFO: [7905f7a8-3385-41ef-827f-e5b1481dd427] Subscription created until 2024-06-27T06:29:42.587588+00:00 [validity_duration:86400] (../src/nrf/nnrf-handler.c:446)
06/26 06:29:42.587: [nrf] INFO: [7905f8d4-3385-41ef-827f-e5b1481dd427] Subscription created until 2024-06-27T06:29:42.587630+00:00 [validity_duration:86400] (../src/nrf/nnrf-handler.c:446)
06/26 06:29:42.587: [nrf] INFO: [7905fa6e-3385-41ef-827f-e5b1481dd427] Subscription created until 2024-06-27T06:29:42.587674+00:00 [validity_duration:86400] (../src/nrf/nnrf-handler.c:446)
06/26 06:29:42.588: [nrf] INFO: [79060ae0-3385-41ef-827f-e5b1481dd427] Subscription created until 2024-06-27T06:29:42.588080+00:00 [validity_duration:86400] (../src/nrf/nnrf-handler.c:446)
06/26 06:29:42.588: [nrf] INFO: [790611ca-3385-41ef-827f-e5b1481dd427] Subscription created until 2024-06-27T06:29:42.588257+00:00 [validity_duration:86400] (../src/nrf/nnrf-handler.c:446)
06/26 06:29:42.588: [nrf] INFO: [79061832-3385-41ef-827f-e5b1481dd427] Subscription created until 2024-06-27T06:29:42.588425+00:00 [validity_duration:86400] (../src/nrf/nnrf-handler.c:446)
06/26 06:29:42.588: [nrf] INFO: [79061f6c-3385-41ef-827f-e5b1481dd427] Subscription created until 2024-06-27T06:29:42.588606+00:00 [validity_duration:86400] (../src/nrf/nnrf-handler.c:446)
06/26 06:29:42.589: [nrf] INFO: [79063182-3385-41ef-827f-e5b1481dd427] Subscription created until 2024-06-27T06:29:42.589073+00:00 [validity_duration:86400] (../src/nrf/nnrf-handler.c:446)
06/26 06:29:42.589: [nrf] INFO: [790638e4-3385-41ef-827f-e5b1481dd427] Subscription created until 2024-06-27T06:29:42.589262+00:00 [validity_duration:86400] (../src/nrf/nnrf-handler.c:446)
06/26 06:29:42.589: [nrf] INFO: [790643ca-3385-41ef-827f-e5b1481dd427] Subscription created until 2024-06-27T06:29:42.589542+00:00 [validity_duration:86400] (../src/nrf/nnrf-handler.c:446)
06/26 06:29:42.801: [nrf] INFO: [79162bc8-3385-41ef-903d-0dd1a7680848] NF registered [Heartbeat:10s] (../src/nrf/nf-sm.c:192)
06/26 06:29:42.844: [nrf] INFO: [792d23d2-3385-41ef-827f-e5b1481dd427] Subscription created until 2024-06-27T06:29:42.844320+00:00 [validity_duration:86400] (../src/nrf/nnrf-handler.c:446)
06/26 06:29:42.844: [nrf] INFO: [792d2f94-3385-41ef-827f-e5b1481dd427] Subscription created until 2024-06-27T06:29:42.844612+00:00 [validity_duration:86400] (../src/nrf/nnrf-handler.c:446)
06/26 06:29:42.844: [nrf] INFO: [792d3764-3385-41ef-827f-e5b1481dd427] Subscription created until 2024-06-27T06:29:42.844814+00:00 [validity_duration:86400] (../src/nrf/nnrf-handler.c:446)
06/26 06:29:42.844: [nrf] INFO: [792d3d54-3385-41ef-827f-e5b1481dd427] Subscription created until 2024-06-27T06:29:42.844966+00:00 [validity_duration:86400] (../src/nrf/nnrf-handler.c:446)
06/26 06:29:42.845: [nrf] INFO: [792d4510-3385-41ef-827f-e5b1481dd427] Subscription created until 2024-06-27T06:29:42.845160+00:00 [validity_duration:86400] (../src/nrf/nnrf-handler.c:446)
06/26 06:29:48.501: [nrf] INFO: [7c83e2b4-3385-41ef-a252-c380f27f0d9e] NF registered [Heartbeat:10s] (../src/nrf/nf-sm.c:192)
06/26 06:29:48.502: [nrf] INFO: [7c8c91b6-3385-41ef-827f-e5b1481dd427] Subscription created until 2024-06-27T06:29:48.502921+00:00 [validity_duration:86400] (../src/nrf/nnrf-handler.c:446)
06/26 06:29:48.503: [nrf] INFO: [7c8c9be8-3385-41ef-827f-e5b1481dd427] Subscription created until 2024-06-27T06:29:48.503145+00:00 [validity_duration:86400] (../src/nrf/nnrf-handler.c:446)
06/26 06:29:48.503: [nrf] INFO: [7c8ca444-3385-41ef-827f-e5b1481dd427] Subscription created until 2024-06-27T06:29:48.503360+00:00 [validity_duration:86400] (../src/nrf/nnrf-handler.c:446)
06/26 06:29:48.503: [nrf] INFO: [7c8caee4-3385-41ef-827f-e5b1481dd427] Subscription created until 2024-06-27T06:29:48.503632+00:00 [validity_duration:86400] (../src/nrf/nnrf-handler.c:446)
06/26 06:29:48.503: [nrf] INFO: [7c8cb86c-3385-41ef-827f-e5b1481dd427] Subscription created until 2024-06-27T06:29:48.503874+00:00 [validity_duration:86400] (../src/nrf/nnrf-handler.c:446)
06/26 06:29:48.504: [nrf] INFO: [7c8cc032-3385-41ef-827f-e5b1481dd427] Subscription created until 2024-06-27T06:29:48.504075+00:00 [validity_duration:86400] (../src/nrf/nnrf-handler.c:446)
06/26 06:29:48.504: [nrf] INFO: [7c8cc8f2-3385-41ef-827f-e5b1481dd427] Subscription created until 2024-06-27T06:29:48.504302+00:00 [validity_duration:86400] (../src/nrf/nnrf-handler.c:446)
06/26 06:29:48.504: [nrf] INFO: [7c8ccff0-3385-41ef-827f-e5b1481dd427] Subscription created until 2024-06-27T06:29:48.504475+00:00 [validity_duration:86400] (../src/nrf/nnrf-handler.c:446)
06/26 06:29:48.504: [nrf] INFO: [7c8cd702-3385-41ef-827f-e5b1481dd427] Subscription created until 2024-06-27T06:29:48.504653+00:00 [validity_duration:86400] (../src/nrf/nnrf-handler.c:446)
